<?xml version="1.0" encoding="UTF-8"?>
<!-- Generated by org.testng.reporters.JUnitXMLReporter -->
<testsuite ignored="0" hostname="DESKTOP-6RB7BQR" failures="0" tests="4" name="Default test" time="124.484" errors="0" timestamp="2020-12-19T13:02:41 IST">
  <testcase classname="seleniumTest.Testng1" name="testmethod1" time="31.309"/>
  <testcase classname="seleniumTest.Testng1" name="testmethod2" time="23.977"/>
  <testcase classname="seleniumTest.Testng1" name="testmethod3" time="24.358"/>
  <testcase classname="seleniumTest.Testng1" name="testMethod4" time="13.73"/>
</testsuite> <!-- Default test -->
