<?xml version="1.0" encoding="UTF-8"?>
<testng-results ignored="0" total="4" passed="4" failed="0" skipped="0">
  <reporter-output>
  </reporter-output>
  <suite started-at="2020-12-20T11:53:51 IST" name="Default suite" finished-at="2020-12-20T11:56:15 IST" duration-ms="143642">
    <groups>
    </groups>
    <test started-at="2020-12-20T11:53:51 IST" name="Default test" finished-at="2020-12-20T11:56:15 IST" duration-ms="143642">
      <class name="com.cleartrip.test.Testng1">
        <test-method is-config="true" signature="startBrowser()[pri:0, instance:com.cleartrip.test.Testng1@56a6d5a6]" started-at="2020-12-20T11:53:51 IST" name="startBrowser" finished-at="2020-12-20T11:54:01 IST" duration-ms="9744" status="PASS">
          <reporter-output>
          </reporter-output>
        </test-method> <!-- startBrowser -->
        <test-method signature="homePageTest()[pri:0, instance:com.cleartrip.test.Testng1@56a6d5a6]" started-at="2020-12-20T11:54:01 IST" name="homePageTest" finished-at="2020-12-20T11:55:02 IST" duration-ms="61319" status="PASS">
          <reporter-output>
          </reporter-output>
        </test-method> <!-- homePageTest -->
        <test-method signature="verifyBookingFlight()[pri:1, instance:com.cleartrip.test.Testng1@56a6d5a6]" started-at="2020-12-20T11:55:02 IST" name="verifyBookingFlight" finished-at="2020-12-20T11:55:40 IST" duration-ms="38335" status="PASS">
          <reporter-output>
          </reporter-output>
        </test-method> <!-- verifyBookingFlight -->
        <test-method signature="verifyItinenarywindow()[pri:2, instance:com.cleartrip.test.Testng1@56a6d5a6]" started-at="2020-12-20T11:55:40 IST" name="verifyItinenarywindow" finished-at="2020-12-20T11:56:02 IST" duration-ms="21215" status="PASS">
          <reporter-output>
          </reporter-output>
        </test-method> <!-- verifyItinenarywindow -->
        <test-method signature="verifyPassengerDetails()[pri:3, instance:com.cleartrip.test.Testng1@56a6d5a6]" started-at="2020-12-20T11:56:02 IST" name="verifyPassengerDetails" finished-at="2020-12-20T11:56:14 IST" duration-ms="12234" status="PASS">
          <reporter-output>
          </reporter-output>
        </test-method> <!-- verifyPassengerDetails -->
        <test-method is-config="true" signature="aftertestmethod()[pri:0, instance:com.cleartrip.test.Testng1@56a6d5a6]" started-at="2020-12-20T11:56:14 IST" name="aftertestmethod" finished-at="2020-12-20T11:56:15 IST" duration-ms="734" status="PASS">
          <reporter-output>
          </reporter-output>
        </test-method> <!-- aftertestmethod -->
      </class> <!-- com.cleartrip.test.Testng1 -->
    </test> <!-- Default test -->
  </suite> <!-- Default suite -->
</testng-results>
