<?xml version="1.0" encoding="UTF-8"?>
<!-- Generated by org.testng.reporters.JUnitXMLReporter -->
<testsuite ignored="2" hostname="DESKTOP-6RB7BQR" failures="2" tests="4" name="Test" time="153.396" errors="0" timestamp="2020-12-20T11:32:04 IST">
  <testcase classname="com.cleartrip.test.HomePageTest" name="verifyHomeTest" time="117.562"/>
  <testcase classname="com.cleartrip.test.HomePageTest" name="verifySearchFlightsOption" time="26.063"/>
  <testcase classname="com.cleartrip.test.BookingPageTest" name="verifyBookingTest" time="0.001">
    <failure type="java.lang.NullPointerException" message="Cannot invoke &amp;quot;com.aventstack.extentreports.ExtentReports.createTest(String)&amp;quot; because &amp;quot;this.extent&amp;quot; is null">
      <![CDATA[java.lang.NullPointerException: Cannot invoke "com.aventstack.extentreports.ExtentReports.createTest(String)" because "this.extent" is null
at com.cleartrip.test.BookingPageTest.verifyBookingTest(BookingPageTest.java:18)
at java.base/java.util.ArrayList.forEach(ArrayList.java:1511)
... Removed 27 stack frames]]>
    </failure>
  </testcase> <!-- verifyBookingTest -->
  <testcase classname="com.cleartrip.test.ItineraryPageTest" name="verifyItineraryWindow" time="0.003">
    <failure type="java.lang.NullPointerException" message="Cannot invoke &amp;quot;com.aventstack.extentreports.ExtentReports.createTest(String)&amp;quot; because &amp;quot;this.extent&amp;quot; is null">
      <![CDATA[java.lang.NullPointerException: Cannot invoke "com.aventstack.extentreports.ExtentReports.createTest(String)" because "this.extent" is null
at com.cleartrip.test.ItineraryPageTest.verifyItineraryWindow(ItineraryPageTest.java:19)
at java.base/java.util.ArrayList.forEach(ArrayList.java:1511)
... Removed 27 stack frames]]>
    </failure>
  </testcase> <!-- verifyItineraryWindow -->
  <testcase classname="com.cleartrip.library.Basics" name="@BeforeTest startBrowser" time="0.0">
    <ignored/>
  </testcase> <!-- @BeforeTest startBrowser -->
  <testcase classname="com.cleartrip.library.Basics" name="@BeforeTest startBrowser" time="0.0">
    <ignored/>
  </testcase> <!-- @BeforeTest startBrowser -->
</testsuite> <!-- Test -->
